WARNING:py.warnings:C:\Users\AERO\Anaconda3\lib\site-packages\moviepy\video\io\ffmpeg_reader.py:130: UserWarning: Warning: in file ./materials_base/start.mp4, 6220800 bytes wanted but 0 bytes read,at frame 90/91, at time 3.00/3.02 sec. Using the last valid frame instead.
  UserWarning)

WARNING:py.warnings:C:\Users\AERO\Anaconda3\lib\site-packages\moviepy\video\io\ffmpeg_reader.py:130: UserWarning: Warning: in file ./materials/可爱日本萌妹たかきしおり「小巧脸蛋超清纯」，邻家风格越看越动心！/data/result.mp4, 2764800 bytes wanted but 0 bytes read,at frame 2263/2270, at time 37.72/37.83 sec. Using the last valid frame instead.
  UserWarning)

WARNING:py.warnings:C:\Users\AERO\Anaconda3\lib\site-packages\moviepy\video\io\ffmpeg_reader.py:130: UserWarning: Warning: in file ./materials/可爱日本萌妹たかきしおり「小巧脸蛋超清纯」，邻家风格越看越动心！/data/result.mp4, 2764800 bytes wanted but 0 bytes read,at frame 2264/2270, at time 37.73/37.83 sec. Using the last valid frame instead.
  UserWarning)

WARNING:py.warnings:C:\Users\AERO\Anaconda3\lib\site-packages\moviepy\video\io\ffmpeg_reader.py:130: UserWarning: Warning: in file ./materials/可爱日本萌妹たかきしおり「小巧脸蛋超清纯」，邻家风格越看越动心！/data/result.mp4, 2764800 bytes wanted but 0 bytes read,at frame 2265/2270, at time 37.75/37.83 sec. Using the last valid frame instead.
  UserWarning)

WARNING:py.warnings:C:\Users\AERO\Anaconda3\lib\site-packages\moviepy\video\io\ffmpeg_reader.py:130: UserWarning: Warning: in file ./materials/可爱日本萌妹たかきしおり「小巧脸蛋超清纯」，邻家风格越看越动心！/data/result.mp4, 2764800 bytes wanted but 0 bytes read,at frame 2266/2270, at time 37.77/37.83 sec. Using the last valid frame instead.
  UserWarning)

WARNING:py.warnings:C:\Users\AERO\Anaconda3\lib\site-packages\moviepy\video\io\ffmpeg_reader.py:130: UserWarning: Warning: in file ./materials/可爱日本萌妹たかきしおり「小巧脸蛋超清纯」，邻家风格越看越动心！/data/result.mp4, 2764800 bytes wanted but 0 bytes read,at frame 2267/2270, at time 37.78/37.83 sec. Using the last valid frame instead.
  UserWarning)

WARNING:py.warnings:C:\Users\AERO\Anaconda3\lib\site-packages\moviepy\video\io\ffmpeg_reader.py:130: UserWarning: Warning: in file ./materials/可爱日本萌妹たかきしおり「小巧脸蛋超清纯」，邻家风格越看越动心！/data/result.mp4, 2764800 bytes wanted but 0 bytes read,at frame 2268/2270, at time 37.80/37.83 sec. Using the last valid frame instead.
  UserWarning)

WARNING:py.warnings:C:\Users\AERO\Anaconda3\lib\site-packages\moviepy\video\io\ffmpeg_reader.py:130: UserWarning: Warning: in file materials/可爱日本萌妹たかきしおり「小巧脸蛋超清纯」，邻家风格越看越动心！/data/可爱日本萌妹たかきしおり「小巧脸蛋超清纯」，邻家风格越看越动心！.mp4, 2764800 bytes wanted but 0 bytes read,at frame 2730/2732, at time 45.50/45.53 sec. Using the last valid frame instead.
  UserWarning)

WARNING:py.warnings:C:\Users\AERO\Anaconda3\lib\site-packages\moviepy\video\io\ffmpeg_reader.py:130: UserWarning: Warning: in file materials/可爱日本萌妹たかきしおり「小巧脸蛋超清纯」，邻家风格越看越动心！/data/可爱日本萌妹たかきしおり「小巧脸蛋超清纯」，邻家风格越看越动心！.mp4, 2764800 bytes wanted but 0 bytes read,at frame 2731/2732, at time 45.52/45.53 sec. Using the last valid frame instead.
  UserWarning)

WARNING:py.warnings:C:\Users\AERO\Anaconda3\lib\site-packages\moviepy\video\io\ffmpeg_reader.py:130: UserWarning: Warning: in file ./materials_base/start.mp4, 6220800 bytes wanted but 0 bytes read,at frame 90/91, at time 3.00/3.02 sec. Using the last valid frame instead.
  UserWarning)

WARNING:py.warnings:C:\Users\AERO\Anaconda3\lib\site-packages\moviepy\video\io\ffmpeg_reader.py:130: UserWarning: Warning: in file ./materials/正妹上坂すみれ人气声优其实爱好战斗文化/data/result.mp4, 2764800 bytes wanted but 0 bytes read,at frame 2400/2408, at time 40.00/40.13 sec. Using the last valid frame instead.
  UserWarning)

WARNING:py.warnings:C:\Users\AERO\Anaconda3\lib\site-packages\moviepy\video\io\ffmpeg_reader.py:130: UserWarning: Warning: in file ./materials/正妹上坂すみれ人气声优其实爱好战斗文化/data/result.mp4, 2764800 bytes wanted but 0 bytes read,at frame 2401/2408, at time 40.02/40.13 sec. Using the last valid frame instead.
  UserWarning)

WARNING:py.warnings:C:\Users\AERO\Anaconda3\lib\site-packages\moviepy\video\io\ffmpeg_reader.py:130: UserWarning: Warning: in file ./materials/正妹上坂すみれ人气声优其实爱好战斗文化/data/result.mp4, 2764800 bytes wanted but 0 bytes read,at frame 2402/2408, at time 40.03/40.13 sec. Using the last valid frame instead.
  UserWarning)

WARNING:py.warnings:C:\Users\AERO\Anaconda3\lib\site-packages\moviepy\video\io\ffmpeg_reader.py:130: UserWarning: Warning: in file ./materials/正妹上坂すみれ人气声优其实爱好战斗文化/data/result.mp4, 2764800 bytes wanted but 0 bytes read,at frame 2403/2408, at time 40.05/40.13 sec. Using the last valid frame instead.
  UserWarning)

WARNING:py.warnings:C:\Users\AERO\Anaconda3\lib\site-packages\moviepy\video\io\ffmpeg_reader.py:130: UserWarning: Warning: in file ./materials/正妹上坂すみれ人气声优其实爱好战斗文化/data/result.mp4, 2764800 bytes wanted but 0 bytes read,at frame 2404/2408, at time 40.07/40.13 sec. Using the last valid frame instead.
  UserWarning)

WARNING:py.warnings:C:\Users\AERO\Anaconda3\lib\site-packages\moviepy\video\io\ffmpeg_reader.py:130: UserWarning: Warning: in file ./materials/正妹上坂すみれ人气声优其实爱好战斗文化/data/result.mp4, 2764800 bytes wanted but 0 bytes read,at frame 2405/2408, at time 40.08/40.13 sec. Using the last valid frame instead.
  UserWarning)

WARNING:py.warnings:C:\Users\AERO\Anaconda3\lib\site-packages\moviepy\video\io\ffmpeg_reader.py:130: UserWarning: Warning: in file ./materials/正妹上坂すみれ人气声优其实爱好战斗文化/data/result.mp4, 2764800 bytes wanted but 0 bytes read,at frame 2406/2408, at time 40.10/40.13 sec. Using the last valid frame instead.
  UserWarning)

WARNING:py.warnings:C:\Users\AERO\Anaconda3\lib\site-packages\moviepy\video\io\ffmpeg_reader.py:130: UserWarning: Warning: in file materials/正妹上坂すみれ人气声优其实爱好战斗文化/data/正妹上坂すみれ人气声优其实爱好战斗文化.mp4, 2764800 bytes wanted but 0 bytes read,at frame 2868/2870, at time 47.80/47.83 sec. Using the last valid frame instead.
  UserWarning)

WARNING:py.warnings:C:\Users\AERO\Anaconda3\lib\site-packages\moviepy\video\io\ffmpeg_reader.py:130: UserWarning: Warning: in file materials/正妹上坂すみれ人气声优其实爱好战斗文化/data/正妹上坂すみれ人气声优其实爱好战斗文化.mp4, 2764800 bytes wanted but 0 bytes read,at frame 2869/2870, at time 47.82/47.83 sec. Using the last valid frame instead.
  UserWarning)

WARNING:py.warnings:C:\Users\AERO\Anaconda3\lib\site-packages\moviepy\video\io\ffmpeg_reader.py:130: UserWarning: Warning: in file ./materials_base/start.mp4, 6220800 bytes wanted but 0 bytes read,at frame 90/91, at time 3.00/3.02 sec. Using the last valid frame instead.
  UserWarning)

WARNING:py.warnings:C:\Users\AERO\Anaconda3\lib\site-packages\moviepy\video\io\ffmpeg_reader.py:130: UserWarning: Warning: in file ./materials/人气直播主饶方晴气质笑颜无害又迷人/data/result.mp4, 2764800 bytes wanted but 0 bytes read,at frame 3073/3080, at time 51.22/51.33 sec. Using the last valid frame instead.
  UserWarning)

WARNING:py.warnings:C:\Users\AERO\Anaconda3\lib\site-packages\moviepy\video\io\ffmpeg_reader.py:130: UserWarning: Warning: in file ./materials/人气直播主饶方晴气质笑颜无害又迷人/data/result.mp4, 2764800 bytes wanted but 0 bytes read,at frame 3074/3080, at time 51.23/51.33 sec. Using the last valid frame instead.
  UserWarning)

WARNING:py.warnings:C:\Users\AERO\Anaconda3\lib\site-packages\moviepy\video\io\ffmpeg_reader.py:130: UserWarning: Warning: in file ./materials/人气直播主饶方晴气质笑颜无害又迷人/data/result.mp4, 2764800 bytes wanted but 0 bytes read,at frame 3075/3080, at time 51.25/51.33 sec. Using the last valid frame instead.
  UserWarning)

WARNING:py.warnings:C:\Users\AERO\Anaconda3\lib\site-packages\moviepy\video\io\ffmpeg_reader.py:130: UserWarning: Warning: in file ./materials/人气直播主饶方晴气质笑颜无害又迷人/data/result.mp4, 2764800 bytes wanted but 0 bytes read,at frame 3076/3080, at time 51.27/51.33 sec. Using the last valid frame instead.
  UserWarning)

WARNING:py.warnings:C:\Users\AERO\Anaconda3\lib\site-packages\moviepy\video\io\ffmpeg_reader.py:130: UserWarning: Warning: in file ./materials/人气直播主饶方晴气质笑颜无害又迷人/data/result.mp4, 2764800 bytes wanted but 0 bytes read,at frame 3077/3080, at time 51.28/51.33 sec. Using the last valid frame instead.
  UserWarning)

WARNING:py.warnings:C:\Users\AERO\Anaconda3\lib\site-packages\moviepy\video\io\ffmpeg_reader.py:130: UserWarning: Warning: in file ./materials/人气直播主饶方晴气质笑颜无害又迷人/data/result.mp4, 2764800 bytes wanted but 0 bytes read,at frame 3078/3080, at time 51.30/51.33 sec. Using the last valid frame instead.
  UserWarning)

WARNING:py.warnings:C:\Users\AERO\Anaconda3\lib\site-packages\moviepy\video\io\ffmpeg_reader.py:130: UserWarning: Warning: in file materials/人气直播主饶方晴气质笑颜无害又迷人/data/人气直播主饶方晴气质笑颜无害又迷人.mp4, 2764800 bytes wanted but 0 bytes read,at frame 3540/3543, at time 59.00/59.04 sec. Using the last valid frame instead.
  UserWarning)

WARNING:py.warnings:C:\Users\AERO\Anaconda3\lib\site-packages\moviepy\video\io\ffmpeg_reader.py:130: UserWarning: Warning: in file materials/人气直播主饶方晴气质笑颜无害又迷人/data/人气直播主饶方晴气质笑颜无害又迷人.mp4, 2764800 bytes wanted but 0 bytes read,at frame 3541/3543, at time 59.02/59.04 sec. Using the last valid frame instead.
  UserWarning)

WARNING:py.warnings:C:\Users\AERO\Anaconda3\lib\site-packages\moviepy\video\io\ffmpeg_reader.py:130: UserWarning: Warning: in file materials/人气直播主饶方晴气质笑颜无害又迷人/data/人气直播主饶方晴气质笑颜无害又迷人.mp4, 2764800 bytes wanted but 0 bytes read,at frame 3542/3543, at time 59.03/59.04 sec. Using the last valid frame instead.
  UserWarning)

WARNING:py.warnings:C:\Users\AERO\Anaconda3\lib\site-packages\moviepy\video\io\ffmpeg_reader.py:130: UserWarning: Warning: in file ./materials_base/start.mp4, 6220800 bytes wanted but 0 bytes read,at frame 90/91, at time 3.00/3.02 sec. Using the last valid frame instead.
  UserWarning)

WARNING:py.warnings:C:\Users\AERO\Anaconda3\lib\site-packages\moviepy\video\io\ffmpeg_reader.py:130: UserWarning: Warning: in file ./materials/人气直播主饶方晴气质笑颜无害又迷人/data/result.mp4, 2764800 bytes wanted but 0 bytes read,at frame 3073/3080, at time 51.22/51.33 sec. Using the last valid frame instead.
  UserWarning)

WARNING:py.warnings:C:\Users\AERO\Anaconda3\lib\site-packages\moviepy\video\io\ffmpeg_reader.py:130: UserWarning: Warning: in file ./materials/人气直播主饶方晴气质笑颜无害又迷人/data/result.mp4, 2764800 bytes wanted but 0 bytes read,at frame 3074/3080, at time 51.23/51.33 sec. Using the last valid frame instead.
  UserWarning)

WARNING:py.warnings:C:\Users\AERO\Anaconda3\lib\site-packages\moviepy\video\io\ffmpeg_reader.py:130: UserWarning: Warning: in file ./materials/人气直播主饶方晴气质笑颜无害又迷人/data/result.mp4, 2764800 bytes wanted but 0 bytes read,at frame 3075/3080, at time 51.25/51.33 sec. Using the last valid frame instead.
  UserWarning)

WARNING:py.warnings:C:\Users\AERO\Anaconda3\lib\site-packages\moviepy\video\io\ffmpeg_reader.py:130: UserWarning: Warning: in file ./materials/人气直播主饶方晴气质笑颜无害又迷人/data/result.mp4, 2764800 bytes wanted but 0 bytes read,at frame 3076/3080, at time 51.27/51.33 sec. Using the last valid frame instead.
  UserWarning)

WARNING:py.warnings:C:\Users\AERO\Anaconda3\lib\site-packages\moviepy\video\io\ffmpeg_reader.py:130: UserWarning: Warning: in file ./materials/人气直播主饶方晴气质笑颜无害又迷人/data/result.mp4, 2764800 bytes wanted but 0 bytes read,at frame 3077/3080, at time 51.28/51.33 sec. Using the last valid frame instead.
  UserWarning)

WARNING:py.warnings:C:\Users\AERO\Anaconda3\lib\site-packages\moviepy\video\io\ffmpeg_reader.py:130: UserWarning: Warning: in file ./materials/人气直播主饶方晴气质笑颜无害又迷人/data/result.mp4, 2764800 bytes wanted but 0 bytes read,at frame 3078/3080, at time 51.30/51.33 sec. Using the last valid frame instead.
  UserWarning)

WARNING:py.warnings:C:\Users\AERO\Anaconda3\lib\site-packages\moviepy\video\io\ffmpeg_reader.py:130: UserWarning: Warning: in file materials/人气直播主饶方晴气质笑颜无害又迷人/data/人气直播主饶方晴气质笑颜无害又迷人.mp4, 2764800 bytes wanted but 0 bytes read,at frame 3540/3543, at time 59.00/59.04 sec. Using the last valid frame instead.
  UserWarning)

WARNING:py.warnings:C:\Users\AERO\Anaconda3\lib\site-packages\moviepy\video\io\ffmpeg_reader.py:130: UserWarning: Warning: in file materials/人气直播主饶方晴气质笑颜无害又迷人/data/人气直播主饶方晴气质笑颜无害又迷人.mp4, 2764800 bytes wanted but 0 bytes read,at frame 3541/3543, at time 59.02/59.04 sec. Using the last valid frame instead.
  UserWarning)

WARNING:py.warnings:C:\Users\AERO\Anaconda3\lib\site-packages\moviepy\video\io\ffmpeg_reader.py:130: UserWarning: Warning: in file materials/人气直播主饶方晴气质笑颜无害又迷人/data/人气直播主饶方晴气质笑颜无害又迷人.mp4, 2764800 bytes wanted but 0 bytes read,at frame 3542/3543, at time 59.03/59.04 sec. Using the last valid frame instead.
  UserWarning)

WARNING:py.warnings:C:\Users\AERO\Anaconda3\lib\site-packages\moviepy\video\io\ffmpeg_reader.py:130: UserWarning: Warning: in file ./materials_base/start.mp4, 6220800 bytes wanted but 0 bytes read,at frame 90/91, at time 3.00/3.02 sec. Using the last valid frame instead.
  UserWarning)

WARNING:py.warnings:C:\Users\AERO\Anaconda3\lib\site-packages\moviepy\video\io\ffmpeg_reader.py:130: UserWarning: Warning: in file ./materials/人气直播主饶方晴气质笑颜无害又迷人/data/result.mp4, 2764800 bytes wanted but 0 bytes read,at frame 3073/3080, at time 51.22/51.33 sec. Using the last valid frame instead.
  UserWarning)

WARNING:py.warnings:C:\Users\AERO\Anaconda3\lib\site-packages\moviepy\video\io\ffmpeg_reader.py:130: UserWarning: Warning: in file ./materials/人气直播主饶方晴气质笑颜无害又迷人/data/result.mp4, 2764800 bytes wanted but 0 bytes read,at frame 3074/3080, at time 51.23/51.33 sec. Using the last valid frame instead.
  UserWarning)

WARNING:py.warnings:C:\Users\AERO\Anaconda3\lib\site-packages\moviepy\video\io\ffmpeg_reader.py:130: UserWarning: Warning: in file ./materials/人气直播主饶方晴气质笑颜无害又迷人/data/result.mp4, 2764800 bytes wanted but 0 bytes read,at frame 3075/3080, at time 51.25/51.33 sec. Using the last valid frame instead.
  UserWarning)

WARNING:py.warnings:C:\Users\AERO\Anaconda3\lib\site-packages\moviepy\video\io\ffmpeg_reader.py:130: UserWarning: Warning: in file ./materials/人气直播主饶方晴气质笑颜无害又迷人/data/result.mp4, 2764800 bytes wanted but 0 bytes read,at frame 3076/3080, at time 51.27/51.33 sec. Using the last valid frame instead.
  UserWarning)

WARNING:py.warnings:C:\Users\AERO\Anaconda3\lib\site-packages\moviepy\video\io\ffmpeg_reader.py:130: UserWarning: Warning: in file ./materials/人气直播主饶方晴气质笑颜无害又迷人/data/result.mp4, 2764800 bytes wanted but 0 bytes read,at frame 3077/3080, at time 51.28/51.33 sec. Using the last valid frame instead.
  UserWarning)

WARNING:py.warnings:C:\Users\AERO\Anaconda3\lib\site-packages\moviepy\video\io\ffmpeg_reader.py:130: UserWarning: Warning: in file ./materials/人气直播主饶方晴气质笑颜无害又迷人/data/result.mp4, 2764800 bytes wanted but 0 bytes read,at frame 3078/3080, at time 51.30/51.33 sec. Using the last valid frame instead.
  UserWarning)

WARNING:py.warnings:C:\Users\AERO\Anaconda3\lib\site-packages\moviepy\video\io\ffmpeg_reader.py:130: UserWarning: Warning: in file materials/人气直播主饶方晴气质笑颜无害又迷人/data/人气直播主饶方晴气质笑颜无害又迷人.mp4, 2764800 bytes wanted but 0 bytes read,at frame 3540/3543, at time 59.00/59.04 sec. Using the last valid frame instead.
  UserWarning)

WARNING:py.warnings:C:\Users\AERO\Anaconda3\lib\site-packages\moviepy\video\io\ffmpeg_reader.py:130: UserWarning: Warning: in file materials/人气直播主饶方晴气质笑颜无害又迷人/data/人气直播主饶方晴气质笑颜无害又迷人.mp4, 2764800 bytes wanted but 0 bytes read,at frame 3541/3543, at time 59.02/59.04 sec. Using the last valid frame instead.
  UserWarning)

WARNING:py.warnings:C:\Users\AERO\Anaconda3\lib\site-packages\moviepy\video\io\ffmpeg_reader.py:130: UserWarning: Warning: in file materials/人气直播主饶方晴气质笑颜无害又迷人/data/人气直播主饶方晴气质笑颜无害又迷人.mp4, 2764800 bytes wanted but 0 bytes read,at frame 3542/3543, at time 59.03/59.04 sec. Using the last valid frame instead.
  UserWarning)

WARNING:py.warnings:C:\Users\AERO\Anaconda3\lib\site-packages\moviepy\video\io\ffmpeg_reader.py:130: UserWarning: Warning: in file ./materials_base/start.mp4, 6220800 bytes wanted but 0 bytes read,at frame 90/91, at time 3.00/3.02 sec. Using the last valid frame instead.
  UserWarning)

WARNING:py.warnings:C:\Users\AERO\Anaconda3\lib\site-packages\moviepy\video\io\ffmpeg_reader.py:130: UserWarning: Warning: in file ./materials/45岁林志玲身体亮红灯！被曝秘密入院做手术/data/result.mp4, 2764800 bytes wanted but 0 bytes read,at frame 3684/3694, at time 61.40/61.55 sec. Using the last valid frame instead.
  UserWarning)

WARNING:py.warnings:C:\Users\AERO\Anaconda3\lib\site-packages\moviepy\video\io\ffmpeg_reader.py:130: UserWarning: Warning: in file ./materials/45岁林志玲身体亮红灯！被曝秘密入院做手术/data/result.mp4, 2764800 bytes wanted but 0 bytes read,at frame 3685/3694, at time 61.42/61.55 sec. Using the last valid frame instead.
  UserWarning)

WARNING:py.warnings:C:\Users\AERO\Anaconda3\lib\site-packages\moviepy\video\io\ffmpeg_reader.py:130: UserWarning: Warning: in file ./materials/45岁林志玲身体亮红灯！被曝秘密入院做手术/data/result.mp4, 2764800 bytes wanted but 0 bytes read,at frame 3686/3694, at time 61.43/61.55 sec. Using the last valid frame instead.
  UserWarning)

WARNING:py.warnings:C:\Users\AERO\Anaconda3\lib\site-packages\moviepy\video\io\ffmpeg_reader.py:130: UserWarning: Warning: in file ./materials/45岁林志玲身体亮红灯！被曝秘密入院做手术/data/result.mp4, 2764800 bytes wanted but 0 bytes read,at frame 3687/3694, at time 61.45/61.55 sec. Using the last valid frame instead.
  UserWarning)

WARNING:py.warnings:C:\Users\AERO\Anaconda3\lib\site-packages\moviepy\video\io\ffmpeg_reader.py:130: UserWarning: Warning: in file ./materials/45岁林志玲身体亮红灯！被曝秘密入院做手术/data/result.mp4, 2764800 bytes wanted but 0 bytes read,at frame 3688/3694, at time 61.47/61.55 sec. Using the last valid frame instead.
  UserWarning)

WARNING:py.warnings:C:\Users\AERO\Anaconda3\lib\site-packages\moviepy\video\io\ffmpeg_reader.py:130: UserWarning: Warning: in file ./materials/45岁林志玲身体亮红灯！被曝秘密入院做手术/data/result.mp4, 2764800 bytes wanted but 0 bytes read,at frame 3689/3694, at time 61.48/61.55 sec. Using the last valid frame instead.
  UserWarning)

WARNING:py.warnings:C:\Users\AERO\Anaconda3\lib\site-packages\moviepy\video\io\ffmpeg_reader.py:130: UserWarning: Warning: in file ./materials/45岁林志玲身体亮红灯！被曝秘密入院做手术/data/result.mp4, 2764800 bytes wanted but 0 bytes read,at frame 3690/3694, at time 61.50/61.55 sec. Using the last valid frame instead.
  UserWarning)

WARNING:py.warnings:C:\Users\AERO\Anaconda3\lib\site-packages\moviepy\video\io\ffmpeg_reader.py:130: UserWarning: Warning: in file ./materials/45岁林志玲身体亮红灯！被曝秘密入院做手术/data/result.mp4, 2764800 bytes wanted but 0 bytes read,at frame 3691/3694, at time 61.52/61.55 sec. Using the last valid frame instead.
  UserWarning)

WARNING:py.warnings:C:\Users\AERO\Anaconda3\lib\site-packages\moviepy\video\io\ffmpeg_reader.py:130: UserWarning: Warning: in file ./materials/45岁林志玲身体亮红灯！被曝秘密入院做手术/data/result.mp4, 2764800 bytes wanted but 0 bytes read,at frame 3692/3694, at time 61.53/61.55 sec. Using the last valid frame instead.
  UserWarning)

WARNING:py.warnings:C:\Users\AERO\Anaconda3\lib\site-packages\moviepy\video\io\ffmpeg_reader.py:130: UserWarning: Warning: in file materials/45岁林志玲身体亮红灯！被曝秘密入院做手术/data/45岁林志玲身体亮红灯！被曝秘密入院做手术.mp4, 2764800 bytes wanted but 0 bytes read,at frame 4153/4156, at time 69.22/69.25 sec. Using the last valid frame instead.
  UserWarning)

WARNING:py.warnings:C:\Users\AERO\Anaconda3\lib\site-packages\moviepy\video\io\ffmpeg_reader.py:130: UserWarning: Warning: in file materials/45岁林志玲身体亮红灯！被曝秘密入院做手术/data/45岁林志玲身体亮红灯！被曝秘密入院做手术.mp4, 2764800 bytes wanted but 0 bytes read,at frame 4154/4156, at time 69.23/69.25 sec. Using the last valid frame instead.
  UserWarning)

